{"C:\\Source\\Repos\\amilochau\\seo-webpack-plugin\\src\\index.ts": {"path":"C:\\Source\\Repos\\amilochau\\seo-webpack-plugin\\src\\index.ts","statementMap":{"0":{"start":{"line":1,"column":0},"end":{"line":1,"column":41}},"1":{"start":{"line":2,"column":0},"end":{"line":2,"column":57}},"2":{"start":{"line":4,"column":0},"end":{"line":4,"column":54}},"3":{"start":{"line":5,"column":0},"end":{"line":5,"column":56}},"4":{"start":{"line":56,"column":10},"end":{"line":69,"column":null}},"5":{"start":{"line":56,"column":62},"end":{"line":69,"column":null}},"6":{"start":{"line":57,"column":23},"end":{"line":57,"column":36}},"7":{"start":{"line":58,"column":23},"end":{"line":58,"column":27}},"8":{"start":{"line":60,"column":27},"end":{"line":60,"column":45}},"9":{"start":{"line":61,"column":28},"end":{"line":63,"column":41}},"10":{"start":{"line":65,"column":21},"end":{"line":65,"column":42}},"11":{"start":{"line":66,"column":19},"end":{"line":66,"column":51}},"12":{"start":{"line":67,"column":4},"end":{"line":67,"column":null}},"13":{"start":{"line":68,"column":4},"end":{"line":68,"column":null}},"14":{"start":{"line":11,"column":4},"end":{"line":13,"column":null}},"15":{"start":{"line":17,"column":19},"end":{"line":17,"column":50}},"16":{"start":{"line":19,"column":4},"end":{"line":53,"column":null}},"17":{"start":{"line":20,"column":6},"end":{"line":52,"column":null}},"18":{"start":{"line":20,"column":86},"end":{"line":52,"column":8}},"19":{"start":{"line":21,"column":8},"end":{"line":51,"column":null}},"20":{"start":{"line":22,"column":25},"end":{"line":22,"column":49}},"21":{"start":{"line":25,"column":26},"end":{"line":25,"column":96}},"22":{"start":{"line":26,"column":32},"end":{"line":26,"column":62}},"23":{"start":{"line":28,"column":10},"end":{"line":33,"column":null}},"24":{"start":{"line":29,"column":12},"end":{"line":29,"column":null}},"25":{"start":{"line":32,"column":12},"end":{"line":32,"column":null}},"26":{"start":{"line":36,"column":29},"end":{"line":36,"column":94}},"27":{"start":{"line":37,"column":36},"end":{"line":39,"column":64}},"28":{"start":{"line":41,"column":31},"end":{"line":41,"column":71}},"29":{"start":{"line":43,"column":10},"end":{"line":48,"column":null}},"30":{"start":{"line":44,"column":12},"end":{"line":44,"column":null}},"31":{"start":{"line":47,"column":12},"end":{"line":47,"column":null}},"32":{"start":{"line":50,"column":10},"end":{"line":50,"column":null}},"33":{"start":{"line":7,"column":0},"end":{"line":7,"column":21}}},"fnMap":{"0":{"name":"(anonymous_7)","decl":{"start":{"line":10,"column":2},"end":{"line":10,"column":15}},"loc":{"start":{"line":10,"column":40},"end":{"line":14,"column":3}}},"1":{"name":"(anonymous_8)","decl":{"start":{"line":56,"column":24},"end":{"line":56,"column":60}},"loc":{"start":{"line":56,"column":62},"end":{"line":69,"column":null}}},"2":{"name":"(anonymous_9)","decl":{"start":{"line":56,"column":62},"end":{"line":56,"column":null}},"loc":{"start":{"line":56,"column":62},"end":{"line":69,"column":3}}},"3":{"name":"(anonymous_10)","decl":{"start":{"line":16,"column":9},"end":{"line":16,"column":14}},"loc":{"start":{"line":16,"column":34},"end":{"line":54,"column":3}}},"4":{"name":"(anonymous_11)","decl":{"start":{"line":19,"column":43},"end":{"line":19,"column":54}},"loc":{"start":{"line":19,"column":57},"end":{"line":53,"column":5}}},"5":{"name":"(anonymous_12)","decl":{"start":{"line":20,"column":60},"end":{"line":20,"column":84}},"loc":{"start":{"line":20,"column":86},"end":{"line":52,"column":8}}},"6":{"name":"(anonymous_13)","decl":{"start":{"line":20,"column":86},"end":{"line":20,"column":null}},"loc":{"start":{"line":20,"column":86},"end":{"line":52,"column":7}}}},"branchMap":{"0":{"loc":{"start":{"line":61,"column":28},"end":{"line":63,"column":41}},"type":"cond-expr","locations":[{"start":{"line":62,"column":8},"end":{"line":62,"column":39}},{"start":{"line":63,"column":8},"end":{"line":63,"column":41}}]},"1":{"loc":{"start":{"line":66,"column":19},"end":{"line":66,"column":51}},"type":"cond-expr","locations":[{"start":{"line":66,"column":31},"end":{"line":66,"column":33}},{"start":{"line":66,"column":36},"end":{"line":66,"column":51}}]},"2":{"loc":{"start":{"line":28,"column":10},"end":{"line":33,"column":null}},"type":"if","locations":[{"start":{"line":28,"column":10},"end":{"line":33,"column":null}},{"start":{"line":30,"column":17},"end":{"line":33,"column":null}}]},"3":{"loc":{"start":{"line":29,"column":34},"end":{"line":29,"column":73}},"type":"cond-expr","locations":[{"start":{"line":29,"column":56},"end":{"line":29,"column":60}},{"start":{"line":29,"column":60},"end":{"line":29,"column":73}}]},"4":{"loc":{"start":{"line":29,"column":34},"end":{"line":29,"column":60}},"type":"binary-expr","locations":[{"start":{"line":29,"column":34},"end":{"line":29,"column":60}},{"start":{"line":29,"column":56},"end":{"line":29,"column":60}}]},"5":{"loc":{"start":{"line":32,"column":31},"end":{"line":32,"column":70}},"type":"cond-expr","locations":[{"start":{"line":32,"column":53},"end":{"line":32,"column":57}},{"start":{"line":32,"column":57},"end":{"line":32,"column":70}}]},"6":{"loc":{"start":{"line":32,"column":31},"end":{"line":32,"column":57}},"type":"binary-expr","locations":[{"start":{"line":32,"column":31},"end":{"line":32,"column":57}},{"start":{"line":32,"column":53},"end":{"line":32,"column":57}}]},"7":{"loc":{"start":{"line":36,"column":29},"end":{"line":36,"column":94}},"type":"cond-expr","locations":[{"start":{"line":36,"column":58},"end":{"line":36,"column":86}},{"start":{"line":36,"column":89},"end":{"line":36,"column":94}}]},"8":{"loc":{"start":{"line":37,"column":36},"end":{"line":39,"column":64}},"type":"cond-expr","locations":[{"start":{"line":38,"column":14},"end":{"line":38,"column":84}},{"start":{"line":39,"column":14},"end":{"line":39,"column":64}}]},"9":{"loc":{"start":{"line":43,"column":10},"end":{"line":48,"column":null}},"type":"if","locations":[{"start":{"line":43,"column":10},"end":{"line":48,"column":null}},{"start":{"line":45,"column":17},"end":{"line":48,"column":null}}]},"10":{"loc":{"start":{"line":44,"column":34},"end":{"line":44,"column":71}},"type":"cond-expr","locations":[{"start":{"line":44,"column":55},"end":{"line":44,"column":59}},{"start":{"line":44,"column":59},"end":{"line":44,"column":71}}]},"11":{"loc":{"start":{"line":44,"column":34},"end":{"line":44,"column":59}},"type":"binary-expr","locations":[{"start":{"line":44,"column":34},"end":{"line":44,"column":59}},{"start":{"line":44,"column":55},"end":{"line":44,"column":59}}]},"12":{"loc":{"start":{"line":47,"column":31},"end":{"line":47,"column":68}},"type":"cond-expr","locations":[{"start":{"line":47,"column":52},"end":{"line":47,"column":56}},{"start":{"line":47,"column":56},"end":{"line":47,"column":68}}]},"13":{"loc":{"start":{"line":47,"column":31},"end":{"line":47,"column":56}},"type":"binary-expr","locations":[{"start":{"line":47,"column":31},"end":{"line":47,"column":56}},{"start":{"line":47,"column":52},"end":{"line":47,"column":56}}]}},"s":{"0":2,"1":2,"2":2,"3":2,"4":4,"5":4,"6":4,"7":4,"8":4,"9":4,"10":4,"11":4,"12":4,"13":4,"14":4,"15":4,"16":4,"17":4,"18":4,"19":4,"20":4,"21":4,"22":4,"23":4,"24":4,"25":0,"26":4,"27":4,"28":4,"29":4,"30":4,"31":0,"32":0,"33":2},"f":{"0":4,"1":4,"2":4,"3":4,"4":4,"5":4,"6":4},"b":{"0":[0,4],"1":[4,0],"2":[4,0],"3":[0,4],"4":[4,4],"5":[0,0],"6":[0,0],"7":[2,2],"8":[2,2],"9":[4,0],"10":[4,0],"11":[4,4],"12":[0,0],"13":[0,0]}}
,"C:\\Source\\Repos\\amilochau\\seo-webpack-plugin\\src\\services\\robots.ts": {"path":"C:\\Source\\Repos\\amilochau\\seo-webpack-plugin\\src\\services\\robots.ts","statementMap":{"0":{"start":{"line":3,"column":16},"end":{"line":15,"column":1}},"1":{"start":{"line":4,"column":16},"end":{"line":4,"column":18}},"2":{"start":{"line":6,"column":2},"end":{"line":12,"column":null}},"3":{"start":{"line":7,"column":4},"end":{"line":9,"column":null}},"4":{"start":{"line":8,"column":6},"end":{"line":8,"column":null}},"5":{"start":{"line":11,"column":4},"end":{"line":11,"column":null}},"6":{"start":{"line":14,"column":2},"end":{"line":14,"column":null}},"7":{"start":{"line":17,"column":27},"end":{"line":35,"column":1}},"8":{"start":{"line":18,"column":16},"end":{"line":18,"column":18}},"9":{"start":{"line":20,"column":2},"end":{"line":22,"column":null}},"10":{"start":{"line":21,"column":4},"end":{"line":21,"column":null}},"11":{"start":{"line":24,"column":2},"end":{"line":24,"column":null}},"12":{"start":{"line":26,"column":2},"end":{"line":28,"column":null}},"13":{"start":{"line":27,"column":4},"end":{"line":27,"column":null}},"14":{"start":{"line":30,"column":2},"end":{"line":32,"column":null}},"15":{"start":{"line":31,"column":4},"end":{"line":31,"column":null}},"16":{"start":{"line":34,"column":2},"end":{"line":34,"column":null}},"17":{"start":{"line":37,"column":34},"end":{"line":49,"column":1}},"18":{"start":{"line":38,"column":16},"end":{"line":38,"column":18}},"19":{"start":{"line":40,"column":2},"end":{"line":42,"column":null}},"20":{"start":{"line":41,"column":4},"end":{"line":41,"column":null}},"21":{"start":{"line":44,"column":2},"end":{"line":46,"column":null}},"22":{"start":{"line":45,"column":4},"end":{"line":45,"column":null}},"23":{"start":{"line":48,"column":2},"end":{"line":48,"column":null}},"24":{"start":{"line":37,"column":13},"end":{"line":37,"column":34}}},"fnMap":{"0":{"name":"(anonymous_0)","decl":{"start":{"line":3,"column":16},"end":{"line":3,"column":17}},"loc":{"start":{"line":3,"column":55},"end":{"line":15,"column":1}}},"1":{"name":"(anonymous_1)","decl":{"start":{"line":7,"column":17},"end":{"line":7,"column":18}},"loc":{"start":{"line":7,"column":26},"end":{"line":9,"column":5}}},"2":{"name":"(anonymous_2)","decl":{"start":{"line":17,"column":27},"end":{"line":17,"column":28}},"loc":{"start":{"line":17,"column":63},"end":{"line":35,"column":1}}},"3":{"name":"(anonymous_3)","decl":{"start":{"line":37,"column":34},"end":{"line":37,"column":35}},"loc":{"start":{"line":37,"column":86},"end":{"line":49,"column":1}}},"4":{"name":"(anonymous_4)","decl":{"start":{"line":40,"column":19},"end":{"line":40,"column":20}},"loc":{"start":{"line":40,"column":37},"end":{"line":42,"column":3}}}},"branchMap":{"0":{"loc":{"start":{"line":6,"column":2},"end":{"line":12,"column":null}},"type":"if","locations":[{"start":{"line":6,"column":2},"end":{"line":12,"column":null}},{"start":{"line":10,"column":9},"end":{"line":12,"column":null}}]},"1":{"loc":{"start":{"line":6,"column":6},"end":{"line":6,"column":52}},"type":"binary-expr","locations":[{"start":{"line":6,"column":6},"end":{"line":6,"column":10}},{"start":{"line":6,"column":14},"end":{"line":6,"column":33}},{"start":{"line":6,"column":37},"end":{"line":6,"column":52}}]},"2":{"loc":{"start":{"line":11,"column":26},"end":{"line":11,"column":59}},"type":"cond-expr","locations":[{"start":{"line":11,"column":44},"end":{"line":11,"column":54}},{"start":{"line":11,"column":57},"end":{"line":11,"column":59}}]},"3":{"loc":{"start":{"line":20,"column":2},"end":{"line":22,"column":null}},"type":"if","locations":[{"start":{"line":20,"column":2},"end":{"line":22,"column":null}}]},"4":{"loc":{"start":{"line":26,"column":2},"end":{"line":28,"column":null}},"type":"if","locations":[{"start":{"line":26,"column":2},"end":{"line":28,"column":null}}]},"5":{"loc":{"start":{"line":30,"column":2},"end":{"line":32,"column":null}},"type":"if","locations":[{"start":{"line":30,"column":2},"end":{"line":32,"column":null}}]},"6":{"loc":{"start":{"line":44,"column":2},"end":{"line":46,"column":null}},"type":"if","locations":[{"start":{"line":44,"column":2},"end":{"line":46,"column":null}}]}},"s":{"0":2,"1":12,"2":12,"3":0,"4":0,"5":12,"6":12,"7":2,"8":4,"9":4,"10":0,"11":4,"12":4,"13":2,"14":4,"15":2,"16":4,"17":2,"18":4,"19":4,"20":4,"21":4,"22":4,"23":4,"24":2},"f":{"0":12,"1":0,"2":4,"3":4,"4":4},"b":{"0":[0,12],"1":[12,12,0],"2":[12,0],"3":[0],"4":[2],"5":[2],"6":[4]}}
,"C:\\Source\\Repos\\amilochau\\seo-webpack-plugin\\src\\services\\sitemap.ts": {"path":"C:\\Source\\Repos\\amilochau\\seo-webpack-plugin\\src\\services\\sitemap.ts","statementMap":{"0":{"start":{"line":1,"column":0},"end":{"line":1,"column":39}},"1":{"start":{"line":5,"column":2},"end":{"line":33,"column":null}},"2":{"start":{"line":7,"column":4},"end":{"line":24,"column":null}},"3":{"start":{"line":8,"column":29},"end":{"line":14,"column":null}},"4":{"start":{"line":16,"column":6},"end":{"line":21,"column":null}},"5":{"start":{"line":17,"column":8},"end":{"line":20,"column":null}},"6":{"start":{"line":23,"column":6},"end":{"line":23,"column":null}},"7":{"start":{"line":27,"column":4},"end":{"line":32,"column":null}},"8":{"start":{"line":36,"column":35},"end":{"line":56,"column":1}},"9":{"start":{"line":37,"column":18},"end":{"line":37,"column":49}},"10":{"start":{"line":38,"column":27},"end":{"line":38,"column":65}},"11":{"start":{"line":40,"column":2},"end":{"line":42,"column":null}},"12":{"start":{"line":41,"column":4},"end":{"line":41,"column":null}},"13":{"start":{"line":44,"column":2},"end":{"line":44,"column":null}},"14":{"start":{"line":46,"column":12},"end":{"line":46,"column":14}},"15":{"start":{"line":47,"column":2},"end":{"line":55,"column":null}},"16":{"start":{"line":48,"column":4},"end":{"line":50,"column":null}},"17":{"start":{"line":49,"column":6},"end":{"line":49,"column":null}},"18":{"start":{"line":52,"column":4},"end":{"line":54,"column":null}},"19":{"start":{"line":53,"column":6},"end":{"line":53,"column":null}},"20":{"start":{"line":36,"column":13},"end":{"line":36,"column":35}}},"fnMap":{"0":{"name":"writePageAttributes","decl":{"start":{"line":4,"column":9},"end":{"line":4,"column":28}},"loc":{"start":{"line":4,"column":121},"end":{"line":34,"column":1}}},"1":{"name":"(anonymous_1)","decl":{"start":{"line":7,"column":22},"end":{"line":7,"column":24}},"loc":{"start":{"line":7,"column":27},"end":{"line":24,"column":5}}},"2":{"name":"(anonymous_2)","decl":{"start":{"line":16,"column":24},"end":{"line":16,"column":26}},"loc":{"start":{"line":16,"column":29},"end":{"line":21,"column":7}}},"3":{"name":"(anonymous_3)","decl":{"start":{"line":36,"column":35},"end":{"line":36,"column":36}},"loc":{"start":{"line":36,"column":119},"end":{"line":56,"column":1}}},"4":{"name":"(anonymous_4)","decl":{"start":{"line":40,"column":16},"end":{"line":40,"column":20}},"loc":{"start":{"line":40,"column":23},"end":{"line":42,"column":3}}},"5":{"name":"(anonymous_5)","decl":{"start":{"line":47,"column":21},"end":{"line":47,"column":28}},"loc":{"start":{"line":47,"column":31},"end":{"line":55,"column":3}}},"6":{"name":"(anonymous_6)","decl":{"start":{"line":48,"column":23},"end":{"line":48,"column":24}},"loc":{"start":{"line":48,"column":32},"end":{"line":50,"column":5}}},"7":{"name":"(anonymous_7)","decl":{"start":{"line":52,"column":22},"end":{"line":52,"column":25}},"loc":{"start":{"line":52,"column":27},"end":{"line":54,"column":5}}}},"branchMap":{"0":{"loc":{"start":{"line":5,"column":2},"end":{"line":33,"column":null}},"type":"if","locations":[{"start":{"line":5,"column":2},"end":{"line":33,"column":null}},{"start":{"line":25,"column":9},"end":{"line":33,"column":null}}]},"1":{"loc":{"start":{"line":5,"column":6},"end":{"line":5,"column":23}},"type":"cond-expr","locations":[{"start":{"line":5,"column":15},"end":{"line":5,"column":17}},{"start":{"line":5,"column":6},"end":{"line":5,"column":23}}]},"2":{"loc":{"start":{"line":5,"column":6},"end":{"line":5,"column":17}},"type":"binary-expr","locations":[{"start":{"line":5,"column":6},"end":{"line":5,"column":17}},{"start":{"line":5,"column":6},"end":{"line":5,"column":17}}]}},"s":{"0":2,"1":4,"2":4,"3":8,"4":8,"5":16,"6":8,"7":0,"8":2,"9":4,"10":4,"11":4,"12":4,"13":4,"14":4,"15":4,"16":4,"17":72,"18":4,"19":4,"20":2},"f":{"0":4,"1":8,"2":16,"3":4,"4":4,"5":4,"6":72,"7":4},"b":{"0":[4,0],"1":[0,4],"2":[4,4]}}
}
