TN:
SF:src\index.ts
FN:9,(anonymous_0)
FN:42,(anonymous_1)
FN:51,(anonymous_2)
FN:15,(anonymous_3)
FN:18,(anonymous_4)
FN:19,(anonymous_5)
FN:20,(anonymous_6)
FN:35,(anonymous_7)
FNF:8
FNH:7
FNDA:4,(anonymous_0)
FNDA:4,(anonymous_1)
FNDA:4,(anonymous_2)
FNDA:4,(anonymous_3)
FNDA:4,(anonymous_4)
FNDA:4,(anonymous_5)
FNDA:4,(anonymous_6)
FNDA:0,(anonymous_7)
DA:1,2
DA:2,2
DA:4,2
DA:6,2
DA:10,4
DA:16,4
DA:18,4
DA:19,4
DA:20,4
DA:21,4
DA:22,4
DA:26,4
DA:28,4
DA:29,4
DA:32,0
DA:36,0
DA:42,4
DA:43,4
DA:44,4
DA:46,4
DA:47,4
DA:51,4
DA:52,4
DA:53,4
DA:54,4
LF:25
LH:23
BRDA:47,0,0,0
BRDA:47,0,1,4
BRDA:52,1,0,4
BRDA:52,1,1,0
BRDA:21,2,0,2
BRDA:21,2,1,2
BRDA:22,3,0,2
BRDA:22,3,1,2
BRDA:28,4,0,4
BRDA:28,4,1,0
BRDA:29,5,0,4
BRDA:29,5,1,0
BRDA:29,6,0,4
BRDA:29,6,1,4
BRDA:32,7,0,0
BRDA:32,7,1,0
BRDA:32,8,0,0
BRDA:32,8,1,0
BRF:18
BRH:10
end_of_record
TN:
SF:src\services\robots.ts
FN:3,(anonymous_0)
FN:7,(anonymous_1)
FN:17,(anonymous_2)
FN:37,(anonymous_3)
FN:40,(anonymous_4)
FNF:5
FNH:4
FNDA:12,(anonymous_0)
FNDA:0,(anonymous_1)
FNDA:4,(anonymous_2)
FNDA:4,(anonymous_3)
FNDA:4,(anonymous_4)
DA:3,2
DA:4,12
DA:6,12
DA:7,0
DA:8,0
DA:11,12
DA:14,12
DA:17,2
DA:18,4
DA:20,4
DA:21,0
DA:24,4
DA:26,4
DA:27,2
DA:30,4
DA:31,2
DA:34,4
DA:37,2
DA:38,4
DA:40,4
DA:41,4
DA:44,4
DA:45,4
DA:48,4
LF:24
LH:21
BRDA:6,0,0,0
BRDA:6,0,1,12
BRDA:6,1,0,12
BRDA:6,1,1,12
BRDA:6,1,2,0
BRDA:11,2,0,12
BRDA:11,2,1,0
BRDA:20,3,0,0
BRDA:26,4,0,2
BRDA:30,5,0,2
BRDA:44,6,0,4
BRF:11
BRH:7
end_of_record
