TN:
SF:src\index.ts
FN:10,(anonymous_7)
FN:56,(anonymous_8)
FN:56,(anonymous_9)
FN:16,(anonymous_10)
FN:19,(anonymous_11)
FN:20,(anonymous_12)
FN:20,(anonymous_13)
FNF:7
FNH:7
FNDA:4,(anonymous_7)
FNDA:4,(anonymous_8)
FNDA:4,(anonymous_9)
FNDA:4,(anonymous_10)
FNDA:4,(anonymous_11)
FNDA:4,(anonymous_12)
FNDA:4,(anonymous_13)
DA:1,2
DA:2,2
DA:4,2
DA:5,2
DA:7,2
DA:11,4
DA:17,4
DA:19,4
DA:20,4
DA:21,4
DA:22,4
DA:25,4
DA:26,4
DA:28,4
DA:29,4
DA:32,0
DA:36,4
DA:37,4
DA:41,4
DA:43,4
DA:44,4
DA:47,0
DA:50,0
DA:56,4
DA:57,4
DA:58,4
DA:60,4
DA:61,4
DA:65,4
DA:66,4
DA:67,4
DA:68,4
LF:32
LH:29
BRDA:61,0,0,0
BRDA:61,0,1,4
BRDA:66,1,0,4
BRDA:66,1,1,0
BRDA:28,2,0,4
BRDA:28,2,1,0
BRDA:29,3,0,0
BRDA:29,3,1,4
BRDA:29,4,0,4
BRDA:29,4,1,4
BRDA:32,5,0,0
BRDA:32,5,1,0
BRDA:32,6,0,0
BRDA:32,6,1,0
BRDA:36,7,0,2
BRDA:36,7,1,2
BRDA:37,8,0,2
BRDA:37,8,1,2
BRDA:43,9,0,4
BRDA:43,9,1,0
BRDA:44,10,0,4
BRDA:44,10,1,0
BRDA:44,11,0,4
BRDA:44,11,1,4
BRDA:47,12,0,0
BRDA:47,12,1,0
BRDA:47,13,0,0
BRDA:47,13,1,0
BRF:28
BRH:14
end_of_record
TN:
SF:src\services\robots.ts
FN:3,(anonymous_0)
FN:7,(anonymous_1)
FN:17,(anonymous_2)
FN:37,(anonymous_3)
FN:40,(anonymous_4)
FNF:5
FNH:4
FNDA:12,(anonymous_0)
FNDA:0,(anonymous_1)
FNDA:4,(anonymous_2)
FNDA:4,(anonymous_3)
FNDA:4,(anonymous_4)
DA:3,2
DA:4,12
DA:6,12
DA:7,0
DA:8,0
DA:11,12
DA:14,12
DA:17,2
DA:18,4
DA:20,4
DA:21,0
DA:24,4
DA:26,4
DA:27,2
DA:30,4
DA:31,2
DA:34,4
DA:37,2
DA:38,4
DA:40,4
DA:41,4
DA:44,4
DA:45,4
DA:48,4
LF:24
LH:21
BRDA:6,0,0,0
BRDA:6,0,1,12
BRDA:6,1,0,12
BRDA:6,1,1,12
BRDA:6,1,2,0
BRDA:11,2,0,12
BRDA:11,2,1,0
BRDA:20,3,0,0
BRDA:26,4,0,2
BRDA:30,5,0,2
BRDA:44,6,0,4
BRF:11
BRH:7
end_of_record
TN:
SF:src\services\sitemap.ts
FN:4,writePageAttributes
FN:7,(anonymous_1)
FN:16,(anonymous_2)
FN:36,(anonymous_3)
FN:40,(anonymous_4)
FN:47,(anonymous_5)
FN:48,(anonymous_6)
FN:52,(anonymous_7)
FNF:8
FNH:8
FNDA:4,writePageAttributes
FNDA:8,(anonymous_1)
FNDA:16,(anonymous_2)
FNDA:4,(anonymous_3)
FNDA:4,(anonymous_4)
FNDA:4,(anonymous_5)
FNDA:72,(anonymous_6)
FNDA:4,(anonymous_7)
DA:1,2
DA:5,4
DA:7,4
DA:8,8
DA:16,8
DA:17,16
DA:23,8
DA:27,0
DA:36,2
DA:37,4
DA:38,4
DA:40,4
DA:41,4
DA:44,4
DA:46,4
DA:47,4
DA:48,4
DA:49,72
DA:52,4
DA:53,4
LF:20
LH:19
BRDA:5,0,0,4
BRDA:5,0,1,0
BRDA:5,1,0,0
BRDA:5,1,1,4
BRDA:5,2,0,4
BRDA:5,2,1,4
BRF:6
BRH:4
end_of_record
